memory profiling: sample.interval=20000
:1542966:78573954:108208128:0:"tryCatchOne" "tryCatchList" "tryCatch" "withCallingHandlers" ".rs.callAs" "utils::Rprof" "profile_task" 
:1543223:78573954:108272136:29:"gc" "structure" "new_bytes" "lobstr::mem_used" "eval" "eval" "eval.parent" ".doTrace" "datatreat" "doTryCatch" "tryCatchOne" "tryCatchList" "tryCatch" "try" "<Anonymous>" "eval" "eval" "withCallingHandlers" "suppressWarnings" "withCallingHandlers" "suppressMessages" "profile_task" 
:1543223:78573954:108272136:0:"gc" "structure" "new_bytes" "lobstr::mem_used" "eval" "eval" "eval.parent" ".doTrace" "datatreat" "doTryCatch" "tryCatchOne" "tryCatchList" "tryCatch" "try" "<Anonymous>" "eval" "eval" "withCallingHandlers" "suppressWarnings" "withCallingHandlers" "suppressMessages" "profile_task" 
:1543223:78573954:108272136:0:"gc" "structure" "new_bytes" "lobstr::mem_used" "eval" "eval" "eval.parent" ".doTrace" "datatreat" "doTryCatch" "tryCatchOne" "tryCatchList" "tryCatch" "try" "<Anonymous>" "eval" "eval" "withCallingHandlers" "suppressWarnings" "withCallingHandlers" "suppressMessages" "profile_task" 
:1543223:3542057:108272136:0:"gc" "structure" "new_bytes" "lobstr::mem_used" "eval" "eval" "eval.parent" ".doTrace" "datatreat" "doTryCatch" "tryCatchOne" "tryCatchList" "tryCatch" "try" "<Anonymous>" "eval" "eval" "withCallingHandlers" "suppressWarnings" "withCallingHandlers" "suppressMessages" "profile_task" 
:1450615:3436790:81195576:20:"gc" "structure" "new_bytes" "lobstr::mem_used" "eval" "eval" "eval.parent" ".doTrace" "datatreat_cpp" "datatreat" "doTryCatch" "tryCatchOne" "tryCatchList" "tryCatch" "try" "<Anonymous>" "eval" "eval" "withCallingHandlers" "suppressWarnings" "withCallingHandlers" "suppressMessages" "profile_task" 
:1450615:3436790:81195576:0:"gc" "structure" "new_bytes" "lobstr::mem_used" "eval" "eval" "eval.parent" ".doTrace" "datatreat_cpp" "datatreat" "doTryCatch" "tryCatchOne" "tryCatchList" "tryCatch" "try" "<Anonymous>" "eval" "eval" "withCallingHandlers" "suppressWarnings" "withCallingHandlers" "suppressMessages" "profile_task" 
:1450615:3436790:81195576:0:"gc" "structure" "new_bytes" "lobstr::mem_used" "eval" "eval" "eval.parent" ".doTrace" "datatreat_cpp" "datatreat" "doTryCatch" "tryCatchOne" "tryCatchList" "tryCatch" "try" "<Anonymous>" "eval" "eval" "withCallingHandlers" "suppressWarnings" "withCallingHandlers" "suppressMessages" "profile_task" 
:1450356:3406790:81168080:0:"gc" "structure" "new_bytes" "lobstr::mem_used" "eval" "eval" "eval.parent" ".doTrace" "datatreat_cpp" "datatreat" "doTryCatch" "tryCatchOne" "tryCatchList" "tryCatch" "try" "<Anonymous>" "eval" "eval" "withCallingHandlers" "suppressWarnings" "withCallingHandlers" "suppressMessages" "profile_task" 
:1450500:3441791:81179112:15:"datatreat_cpp" "datatreat" "doTryCatch" "tryCatchOne" "tryCatchList" "tryCatch" "try" "<Anonymous>" "eval" "eval" "withCallingHandlers" "suppressWarnings" "withCallingHandlers" "suppressMessages" "profile_task" 
:1450500:3441791:81179112:0:"datatreat_cpp" "datatreat" "doTryCatch" "tryCatchOne" "tryCatchList" "tryCatch" "try" "<Anonymous>" "eval" "eval" "withCallingHandlers" "suppressWarnings" "withCallingHandlers" "suppressMessages" "profile_task" 
:1450500:3441791:81179112:0:"datatreat_cpp" "datatreat" "doTryCatch" "tryCatchOne" "tryCatchList" "tryCatch" "try" "<Anonymous>" "eval" "eval" "withCallingHandlers" "suppressWarnings" "withCallingHandlers" "suppressMessages" "profile_task" 
:1450500:3441791:81179112:0:"datatreat_cpp" "datatreat" "doTryCatch" "tryCatchOne" "tryCatchList" "tryCatch" "try" "<Anonymous>" "eval" "eval" "withCallingHandlers" "suppressWarnings" "withCallingHandlers" "suppressMessages" "profile_task" 
:1450500:3441791:81179112:0:"datatreat_cpp" "datatreat" "doTryCatch" "tryCatchOne" "tryCatchList" "tryCatch" "try" "<Anonymous>" "eval" "eval" "withCallingHandlers" "suppressWarnings" "withCallingHandlers" "suppressMessages" "profile_task" 
:1450500:3441791:81179112:0:"datatreat_cpp" "datatreat" "doTryCatch" "tryCatchOne" "tryCatchList" "tryCatch" "try" "<Anonymous>" "eval" "eval" "withCallingHandlers" "suppressWarnings" "withCallingHandlers" "suppressMessages" "profile_task" 
:1450500:3441791:81179112:0:"datatreat_cpp" "datatreat" "doTryCatch" "tryCatchOne" "tryCatchList" "tryCatch" "try" "<Anonymous>" "eval" "eval" "withCallingHandlers" "suppressWarnings" "withCallingHandlers" "suppressMessages" "profile_task" 
:1450509:3486792:81180904:0:"datatreat_cpp" "datatreat" "doTryCatch" "tryCatchOne" "tryCatchList" "tryCatch" "try" "<Anonymous>" "eval" "eval" "withCallingHandlers" "suppressWarnings" "withCallingHandlers" "suppressMessages" "profile_task" 
:1450509:3486792:81180904:0:"datatreat_cpp" "datatreat" "doTryCatch" "tryCatchOne" "tryCatchList" "tryCatch" "try" "<Anonymous>" "eval" "eval" "withCallingHandlers" "suppressWarnings" "withCallingHandlers" "suppressMessages" "profile_task" 
:1450509:3486792:81180904:0:"datatreat_cpp" "datatreat" "doTryCatch" "tryCatchOne" "tryCatchList" "tryCatch" "try" "<Anonymous>" "eval" "eval" "withCallingHandlers" "suppressWarnings" "withCallingHandlers" "suppressMessages" "profile_task" 
:1450509:3486792:81180904:0:"datatreat_cpp" "datatreat" "doTryCatch" "tryCatchOne" "tryCatchList" "tryCatch" "try" "<Anonymous>" "eval" "eval" "withCallingHandlers" "suppressWarnings" "withCallingHandlers" "suppressMessages" "profile_task" 
:1450509:3486792:81180904:0:"datatreat_cpp" "datatreat" "doTryCatch" "tryCatchOne" "tryCatchList" "tryCatch" "try" "<Anonymous>" "eval" "eval" "withCallingHandlers" "suppressWarnings" "withCallingHandlers" "suppressMessages" "profile_task" 
:1450518:3511792:81182080:0:"datatreat_cpp" "datatreat" "doTryCatch" "tryCatchOne" "tryCatchList" "tryCatch" "try" "<Anonymous>" "eval" "eval" "withCallingHandlers" "suppressWarnings" "withCallingHandlers" "suppressMessages" "profile_task" 
:1450518:3511792:81182080:0:"datatreat_cpp" "datatreat" "doTryCatch" "tryCatchOne" "tryCatchList" "tryCatch" "try" "<Anonymous>" "eval" "eval" "withCallingHandlers" "suppressWarnings" "withCallingHandlers" "suppressMessages" "profile_task" 
:1450518:3511792:81182080:0:"datatreat_cpp" "datatreat" "doTryCatch" "tryCatchOne" "tryCatchList" "tryCatch" "try" "<Anonymous>" "eval" "eval" "withCallingHandlers" "suppressWarnings" "withCallingHandlers" "suppressMessages" "profile_task" 
:1450518:3511792:81182080:0:"datatreat_cpp" "datatreat" "doTryCatch" "tryCatchOne" "tryCatchList" "tryCatch" "try" "<Anonymous>" "eval" "eval" "withCallingHandlers" "suppressWarnings" "withCallingHandlers" "suppressMessages" "profile_task" 
:1450518:3511792:81182080:0:"datatreat_cpp" "datatreat" "doTryCatch" "tryCatchOne" "tryCatchList" "tryCatch" "try" "<Anonymous>" "eval" "eval" "withCallingHandlers" "suppressWarnings" "withCallingHandlers" "suppressMessages" "profile_task" 
:1450518:3511792:81182080:0:"datatreat_cpp" "datatreat" "doTryCatch" "tryCatchOne" "tryCatchList" "tryCatch" "try" "<Anonymous>" "eval" "eval" "withCallingHandlers" "suppressWarnings" "withCallingHandlers" "suppressMessages" "profile_task" 
:1450518:3511792:81182080:0:"datatreat_cpp" "datatreat" "doTryCatch" "tryCatchOne" "tryCatchList" "tryCatch" "try" "<Anonymous>" "eval" "eval" "withCallingHandlers" "suppressWarnings" "withCallingHandlers" "suppressMessages" "profile_task" 
:1450550:3511792:81188856:4:"gc" "structure" "new_bytes" "lobstr::mem_used" "eval" "eval" "eval.parent" ".doTrace" "datatreat_cpp" "datatreat" "doTryCatch" "tryCatchOne" "tryCatchList" "tryCatch" "try" "<Anonymous>" "eval" "eval" "withCallingHandlers" "suppressWarnings" "withCallingHandlers" "suppressMessages" "profile_task" 
:1450550:3511792:81188856:0:"gc" "structure" "new_bytes" "lobstr::mem_used" "eval" "eval" "eval.parent" ".doTrace" "datatreat_cpp" "datatreat" "doTryCatch" "tryCatchOne" "tryCatchList" "tryCatch" "try" "<Anonymous>" "eval" "eval" "withCallingHandlers" "suppressWarnings" "withCallingHandlers" "suppressMessages" "profile_task" 
:1450550:3511792:81188856:0:"gc" "structure" "new_bytes" "lobstr::mem_used" "eval" "eval" "eval.parent" ".doTrace" "datatreat_cpp" "datatreat" "doTryCatch" "tryCatchOne" "tryCatchList" "tryCatch" "try" "<Anonymous>" "eval" "eval" "withCallingHandlers" "suppressWarnings" "withCallingHandlers" "suppressMessages" "profile_task" 
:1450589:3416790:81198936:50:"gc" "structure" "new_bytes" "lobstr::mem_used" "eval" "eval" "eval.parent" ".doTrace" "datatreat" "doTryCatch" "tryCatchOne" "tryCatchList" "tryCatch" "try" "<Anonymous>" "eval" "eval" "withCallingHandlers" "suppressWarnings" "withCallingHandlers" "suppressMessages" "profile_task" 
:1450589:3416790:81198936:0:"gc" "structure" "new_bytes" "lobstr::mem_used" "eval" "eval" "eval.parent" ".doTrace" "datatreat" "doTryCatch" "tryCatchOne" "tryCatchList" "tryCatch" "try" "<Anonymous>" "eval" "eval" "withCallingHandlers" "suppressWarnings" "withCallingHandlers" "suppressMessages" "profile_task" 
:1450880:3432482:81265856:81:"gc" "structure" "new_bytes" "lobstr::mem_used" "eval" "eval" "eval.parent" ".doTrace" "buildA_ploidy2_cpp" "<Anonymous>" "eval" "eval" "withCallingHandlers" "suppressWarnings" "withCallingHandlers" "suppressMessages" "profile_task" 
:1450880:3432482:81265856:0:"gc" "structure" "new_bytes" "lobstr::mem_used" "eval" "eval" "eval.parent" ".doTrace" "buildA_ploidy2_cpp" "<Anonymous>" "eval" "eval" "withCallingHandlers" "suppressWarnings" "withCallingHandlers" "suppressMessages" "profile_task" 
:1450880:3432482:81265856:0:"gc" "structure" "new_bytes" "lobstr::mem_used" "eval" "eval" "eval.parent" ".doTrace" "buildA_ploidy2_cpp" "<Anonymous>" "eval" "eval" "withCallingHandlers" "suppressWarnings" "withCallingHandlers" "suppressMessages" "profile_task" 
:1450350:3401790:81160856:14:"buildA_ploidy2_cpp" "<Anonymous>" "eval" "eval" "withCallingHandlers" "suppressWarnings" "withCallingHandlers" "suppressMessages" "profile_task" 
:1450350:3401790:81160856:0:"buildA_ploidy2_cpp" "<Anonymous>" "eval" "eval" "withCallingHandlers" "suppressWarnings" "withCallingHandlers" "suppressMessages" "profile_task" 
:1450350:3401790:81160856:0:"buildA_ploidy2_cpp" "<Anonymous>" "eval" "eval" "withCallingHandlers" "suppressWarnings" "withCallingHandlers" "suppressMessages" "profile_task" 
:1450350:28401790:81160968:0:"buildA_ploidy2_cpp" "<Anonymous>" "eval" "eval" "withCallingHandlers" "suppressWarnings" "withCallingHandlers" "suppressMessages" "profile_task" 
:1450350:28401790:81160968:0:"buildA_ploidy2_cpp" "<Anonymous>" "eval" "eval" "withCallingHandlers" "suppressWarnings" "withCallingHandlers" "suppressMessages" "profile_task" 
:1450351:28401790:81161080:0:"buildA_ploidy2_cpp" "<Anonymous>" "eval" "eval" "withCallingHandlers" "suppressWarnings" "withCallingHandlers" "suppressMessages" "profile_task" 
:1450351:28401790:81161080:0:"buildA_ploidy2_cpp" "<Anonymous>" "eval" "eval" "withCallingHandlers" "suppressWarnings" "withCallingHandlers" "suppressMessages" "profile_task" 
:1450351:28401790:81161080:0:"buildA_ploidy2_cpp" "<Anonymous>" "eval" "eval" "withCallingHandlers" "suppressWarnings" "withCallingHandlers" "suppressMessages" "profile_task" 
:1450383:28401790:81167800:4:"gc" "structure" "new_bytes" "lobstr::mem_used" "eval" "eval" "eval.parent" ".doTrace" "buildA_ploidy2_cpp" "<Anonymous>" "eval" "eval" "withCallingHandlers" "suppressWarnings" "withCallingHandlers" "suppressMessages" "profile_task" 
:1450383:28401790:81167800:0:"gc" "structure" "new_bytes" "lobstr::mem_used" "eval" "eval" "eval.parent" ".doTrace" "buildA_ploidy2_cpp" "<Anonymous>" "eval" "eval" "withCallingHandlers" "suppressWarnings" "withCallingHandlers" "suppressMessages" "profile_task" 
:1450383:28401790:81167800:0:"gc" "structure" "new_bytes" "lobstr::mem_used" "eval" "eval" "eval.parent" ".doTrace" "buildA_ploidy2_cpp" "<Anonymous>" "eval" "eval" "withCallingHandlers" "suppressWarnings" "withCallingHandlers" "suppressMessages" "profile_task" 
:1450517:28401790:81183592:35:"anyNA" "<Anonymous>" "eval" "eval" "withCallingHandlers" "suppressWarnings" "withCallingHandlers" "suppressMessages" "profile_task" 
:1450365:28401790:81161864:1:"<Anonymous>" "eval" "eval" "withCallingHandlers" "suppressWarnings" "withCallingHandlers" "suppressMessages" "profile_task" 
:1450365:28401790:81161864:0:"<Anonymous>" "eval" "eval" "withCallingHandlers" "suppressWarnings" "withCallingHandlers" "suppressMessages" "profile_task" 
:1450365:28401790:81161864:0:"<Anonymous>" "eval" "eval" "withCallingHandlers" "suppressWarnings" "withCallingHandlers" "suppressMessages" "profile_task" 
:1450340:53401790:81159848:0:"<Anonymous>" "eval" "eval" "withCallingHandlers" "suppressWarnings" "withCallingHandlers" "suppressMessages" "profile_task" 
:1450340:53401790:81159848:0:"<Anonymous>" "eval" "eval" "withCallingHandlers" "suppressWarnings" "withCallingHandlers" "suppressMessages" "profile_task" 
:1450345:53411790:81160632:9:"<Anonymous>" "eval" "eval" "withCallingHandlers" "suppressWarnings" "withCallingHandlers" "suppressMessages" "profile_task" 
:1450345:53411790:81160632:0:"<Anonymous>" "eval" "eval" "withCallingHandlers" "suppressWarnings" "withCallingHandlers" "suppressMessages" "profile_task" 
:1450345:53411790:81160632:0:"<Anonymous>" "eval" "eval" "withCallingHandlers" "suppressWarnings" "withCallingHandlers" "suppressMessages" "profile_task" 
:1450344:53411790:81160464:0:"<Anonymous>" "eval" "eval" "withCallingHandlers" "suppressWarnings" "withCallingHandlers" "suppressMessages" "profile_task" 
:1450344:53411790:81160464:0:"<Anonymous>" "eval" "eval" "withCallingHandlers" "suppressWarnings" "withCallingHandlers" "suppressMessages" "profile_task" 
:1450344:53411790:81160464:0:"<Anonymous>" "eval" "eval" "withCallingHandlers" "suppressWarnings" "withCallingHandlers" "suppressMessages" "profile_task" 
