memory profiling: sample.interval=20000
:2569931:17545736:92376200:8:"gc" "structure" "new_bytes" "lobstr::mem_used" "eval" "eval" "eval.parent" ".doTrace" "check_Gmatrix_data" "<Anonymous>" "eval" "eval" "withCallingHandlers" "suppressWarnings" "withCallingHandlers" "suppressMessages" "profile_task" 
:2569931:17545736:92376200:0:"gc" "structure" "new_bytes" "lobstr::mem_used" "eval" "eval" "eval.parent" ".doTrace" "check_Gmatrix_data" "<Anonymous>" "eval" "eval" "withCallingHandlers" "suppressWarnings" "withCallingHandlers" "suppressMessages" "profile_task" 
:2569931:17545736:92376200:0:"gc" "structure" "new_bytes" "lobstr::mem_used" "eval" "eval" "eval.parent" ".doTrace" "check_Gmatrix_data" "<Anonymous>" "eval" "eval" "withCallingHandlers" "suppressWarnings" "withCallingHandlers" "suppressMessages" "profile_task" 
:2569931:17545736:92376200:0:"gc" "structure" "new_bytes" "lobstr::mem_used" "eval" "eval" "eval.parent" ".doTrace" "check_Gmatrix_data" "<Anonymous>" "eval" "eval" "withCallingHandlers" "suppressWarnings" "withCallingHandlers" "suppressMessages" "profile_task" 
:2569931:17545736:92376200:0:"gc" "structure" "new_bytes" "lobstr::mem_used" "eval" "eval" "eval.parent" ".doTrace" "check_Gmatrix_data" "<Anonymous>" "eval" "eval" "withCallingHandlers" "suppressWarnings" "withCallingHandlers" "suppressMessages" "profile_task" 
:2569931:10537826:92376200:0:"gc" "structure" "new_bytes" "lobstr::mem_used" "eval" "eval" "eval.parent" ".doTrace" "check_Gmatrix_data" "<Anonymous>" "eval" "eval" "withCallingHandlers" "suppressWarnings" "withCallingHandlers" "suppressMessages" "profile_task" 
:2562875:11536003:91232176:18:"check_Gmatrix_data" "<Anonymous>" "eval" "eval" "withCallingHandlers" "suppressWarnings" "withCallingHandlers" "suppressMessages" "profile_task" 
:2562875:11536003:91232176:0:"check_Gmatrix_data" "<Anonymous>" "eval" "eval" "withCallingHandlers" "suppressWarnings" "withCallingHandlers" "suppressMessages" "profile_task" 
:2562875:11536003:91232176:0:"check_Gmatrix_data" "<Anonymous>" "eval" "eval" "withCallingHandlers" "suppressWarnings" "withCallingHandlers" "suppressMessages" "profile_task" 
:2562904:13036003:91239344:7:"gc" "structure" "new_bytes" "lobstr::mem_used" "eval" "eval" "eval.parent" ".doTrace" "check_Gmatrix_data" "<Anonymous>" "eval" "eval" "withCallingHandlers" "suppressWarnings" "withCallingHandlers" "suppressMessages" "profile_task" 
:2562904:13036003:91239344:0:"gc" "structure" "new_bytes" "lobstr::mem_used" "eval" "eval" "eval.parent" ".doTrace" "check_Gmatrix_data" "<Anonymous>" "eval" "eval" "withCallingHandlers" "suppressWarnings" "withCallingHandlers" "suppressMessages" "profile_task" 
:2562904:13036003:91239344:0:"gc" "structure" "new_bytes" "lobstr::mem_used" "eval" "eval" "eval.parent" ".doTrace" "check_Gmatrix_data" "<Anonymous>" "eval" "eval" "withCallingHandlers" "suppressWarnings" "withCallingHandlers" "suppressMessages" "profile_task" 
:2562904:13036003:91239344:0:"gc" "structure" "new_bytes" "lobstr::mem_used" "eval" "eval" "eval.parent" ".doTrace" "check_Gmatrix_data" "<Anonymous>" "eval" "eval" "withCallingHandlers" "suppressWarnings" "withCallingHandlers" "suppressMessages" "profile_task" 
:2562726:5536003:91220640:0:"gc" "structure" "new_bytes" "lobstr::mem_used" "eval" "eval" "eval.parent" ".doTrace" "check_Gmatrix_data" "<Anonymous>" "eval" "eval" "withCallingHandlers" "suppressWarnings" "withCallingHandlers" "suppressMessages" "profile_task" 
:2562905:5536003:91245280:37:"stopifnot" "all.equal.numeric" "all.equal" "isTRUE" "<Anonymous>" "eval" "eval" "withCallingHandlers" "suppressWarnings" "withCallingHandlers" "suppressMessages" "profile_task" 
:2562905:5536003:91245280:0:"stopifnot" "all.equal.numeric" "all.equal" "isTRUE" "<Anonymous>" "eval" "eval" "withCallingHandlers" "suppressWarnings" "withCallingHandlers" "suppressMessages" "profile_task" 
:2562905:5536003:91245280:0:"stopifnot" "all.equal.numeric" "all.equal" "isTRUE" "<Anonymous>" "eval" "eval" "withCallingHandlers" "suppressWarnings" "withCallingHandlers" "suppressMessages" "profile_task" 
:2562905:5536003:91245280:0:"stopifnot" "all.equal.numeric" "all.equal" "isTRUE" "<Anonymous>" "eval" "eval" "withCallingHandlers" "suppressWarnings" "withCallingHandlers" "suppressMessages" "profile_task" 
:2562905:5536003:91245280:0:"stopifnot" "all.equal.numeric" "all.equal" "isTRUE" "<Anonymous>" "eval" "eval" "withCallingHandlers" "suppressWarnings" "withCallingHandlers" "suppressMessages" "profile_task" 
:2562905:5536003:91245280:0:"stopifnot" "all.equal.numeric" "all.equal" "isTRUE" "<Anonymous>" "eval" "eval" "withCallingHandlers" "suppressWarnings" "withCallingHandlers" "suppressMessages" "profile_task" 
:2562905:5536003:91245280:0:"stopifnot" "all.equal.numeric" "all.equal" "isTRUE" "<Anonymous>" "eval" "eval" "withCallingHandlers" "suppressWarnings" "withCallingHandlers" "suppressMessages" "profile_task" 
:2562905:5536003:91245280:0:"stopifnot" "all.equal.numeric" "all.equal" "isTRUE" "<Anonymous>" "eval" "eval" "withCallingHandlers" "suppressWarnings" "withCallingHandlers" "suppressMessages" "profile_task" 
:2562905:5536003:91245280:0:"stopifnot" "all.equal.numeric" "all.equal" "isTRUE" "<Anonymous>" "eval" "eval" "withCallingHandlers" "suppressWarnings" "withCallingHandlers" "suppressMessages" "profile_task" 
:2562905:5536003:91245280:0:"stopifnot" "all.equal.numeric" "all.equal" "isTRUE" "<Anonymous>" "eval" "eval" "withCallingHandlers" "suppressWarnings" "withCallingHandlers" "suppressMessages" "profile_task" 
:2562905:5536003:91245280:0:"stopifnot" "all.equal.numeric" "all.equal" "isTRUE" "<Anonymous>" "eval" "eval" "withCallingHandlers" "suppressWarnings" "withCallingHandlers" "suppressMessages" "profile_task" 
:2562905:5536003:91245280:0:"stopifnot" "all.equal.numeric" "all.equal" "isTRUE" "<Anonymous>" "eval" "eval" "withCallingHandlers" "suppressWarnings" "withCallingHandlers" "suppressMessages" "profile_task" 
:2562905:5536003:91245280:0:"stopifnot" "all.equal.numeric" "all.equal" "isTRUE" "<Anonymous>" "eval" "eval" "withCallingHandlers" "suppressWarnings" "withCallingHandlers" "suppressMessages" "profile_task" 
:2562905:5536003:91245280:0:"stopifnot" "all.equal.numeric" "all.equal" "isTRUE" "<Anonymous>" "eval" "eval" "withCallingHandlers" "suppressWarnings" "withCallingHandlers" "suppressMessages" "profile_task" 
:2562905:5536003:91245280:0:"stopifnot" "all.equal.numeric" "all.equal" "isTRUE" "<Anonymous>" "eval" "eval" "withCallingHandlers" "suppressWarnings" "withCallingHandlers" "suppressMessages" "profile_task" 
:2562905:5536003:91245280:0:"stopifnot" "all.equal.numeric" "all.equal" "isTRUE" "<Anonymous>" "eval" "eval" "withCallingHandlers" "suppressWarnings" "withCallingHandlers" "suppressMessages" "profile_task" 
:2562905:5536003:91245280:0:"stopifnot" "all.equal.numeric" "all.equal" "isTRUE" "<Anonymous>" "eval" "eval" "withCallingHandlers" "suppressWarnings" "withCallingHandlers" "suppressMessages" "profile_task" 
:2562905:5536003:91245280:0:"stopifnot" "all.equal.numeric" "all.equal" "isTRUE" "<Anonymous>" "eval" "eval" "withCallingHandlers" "suppressWarnings" "withCallingHandlers" "suppressMessages" "profile_task" 
:2562905:5536003:91245280:0:"stopifnot" "all.equal.numeric" "all.equal" "isTRUE" "<Anonymous>" "eval" "eval" "withCallingHandlers" "suppressWarnings" "withCallingHandlers" "suppressMessages" "profile_task" 
:2562905:5536003:91245280:0:"stopifnot" "all.equal.numeric" "all.equal" "isTRUE" "<Anonymous>" "eval" "eval" "withCallingHandlers" "suppressWarnings" "withCallingHandlers" "suppressMessages" "profile_task" 
:2562905:5536003:91245280:0:"stopifnot" "all.equal.numeric" "all.equal" "isTRUE" "<Anonymous>" "eval" "eval" "withCallingHandlers" "suppressWarnings" "withCallingHandlers" "suppressMessages" "profile_task" 
:2563025:5536003:91279440:13:"gc" "structure" "new_bytes" "lobstr::mem_used" "eval" "eval" "eval.parent" ".doTrace" "Mcheck" "<Anonymous>" "eval" "eval" "withCallingHandlers" "suppressWarnings" "withCallingHandlers" "suppressMessages" "profile_task" 
:2563025:5536003:91279440:0:"gc" "structure" "new_bytes" "lobstr::mem_used" "eval" "eval" "eval.parent" ".doTrace" "Mcheck" "<Anonymous>" "eval" "eval" "withCallingHandlers" "suppressWarnings" "withCallingHandlers" "suppressMessages" "profile_task" 
:2563025:5536003:91279440:0:"gc" "structure" "new_bytes" "lobstr::mem_used" "eval" "eval" "eval.parent" ".doTrace" "Mcheck" "<Anonymous>" "eval" "eval" "withCallingHandlers" "suppressWarnings" "withCallingHandlers" "suppressMessages" "profile_task" 
:2563025:5536003:91279440:0:"gc" "structure" "new_bytes" "lobstr::mem_used" "eval" "eval" "eval.parent" ".doTrace" "Mcheck" "<Anonymous>" "eval" "eval" "withCallingHandlers" "suppressWarnings" "withCallingHandlers" "suppressMessages" "profile_task" 
:2563025:5536003:91279440:0:"gc" "structure" "new_bytes" "lobstr::mem_used" "eval" "eval" "eval.parent" ".doTrace" "Mcheck" "<Anonymous>" "eval" "eval" "withCallingHandlers" "suppressWarnings" "withCallingHandlers" "suppressMessages" "profile_task" 
:2562855:7036003:91231112:15:"Mcheck" "<Anonymous>" "eval" "eval" "withCallingHandlers" "suppressWarnings" "withCallingHandlers" "suppressMessages" "profile_task" 
:2562860:11540003:91231784:2:"Mcheck" "<Anonymous>" "eval" "eval" "withCallingHandlers" "suppressWarnings" "withCallingHandlers" "suppressMessages" "profile_task" 
:2562908:17540004:91239344:4:"aperm.default" "aperm" "apply" "Mcheck" "<Anonymous>" "eval" "eval" "withCallingHandlers" "suppressWarnings" "withCallingHandlers" "suppressMessages" "profile_task" 
:2562925:17543004:91241304:1:"apply" "Mcheck" "<Anonymous>" "eval" "eval" "withCallingHandlers" "suppressWarnings" "withCallingHandlers" "suppressMessages" "profile_task" 
:2562925:17543004:91241304:0:"apply" "Mcheck" "<Anonymous>" "eval" "eval" "withCallingHandlers" "suppressWarnings" "withCallingHandlers" "suppressMessages" "profile_task" 
:2562925:17543004:91241304:0:"apply" "Mcheck" "<Anonymous>" "eval" "eval" "withCallingHandlers" "suppressWarnings" "withCallingHandlers" "suppressMessages" "profile_task" 
:2562925:17543004:91241304:0:"apply" "Mcheck" "<Anonymous>" "eval" "eval" "withCallingHandlers" "suppressWarnings" "withCallingHandlers" "suppressMessages" "profile_task" 
:2562925:17543004:91241304:0:"apply" "Mcheck" "<Anonymous>" "eval" "eval" "withCallingHandlers" "suppressWarnings" "withCallingHandlers" "suppressMessages" "profile_task" 
:2562925:17543004:91241304:0:"apply" "Mcheck" "<Anonymous>" "eval" "eval" "withCallingHandlers" "suppressWarnings" "withCallingHandlers" "suppressMessages" "profile_task" 
:2562925:17543004:91241304:0:"apply" "Mcheck" "<Anonymous>" "eval" "eval" "withCallingHandlers" "suppressWarnings" "withCallingHandlers" "suppressMessages" "profile_task" 
:2562925:17543004:91241304:0:"apply" "Mcheck" "<Anonymous>" "eval" "eval" "withCallingHandlers" "suppressWarnings" "withCallingHandlers" "suppressMessages" "profile_task" 
:2562925:17543004:91241304:0:"apply" "Mcheck" "<Anonymous>" "eval" "eval" "withCallingHandlers" "suppressWarnings" "withCallingHandlers" "suppressMessages" "profile_task" 
:2562925:17543004:91241304:0:"apply" "Mcheck" "<Anonymous>" "eval" "eval" "withCallingHandlers" "suppressWarnings" "withCallingHandlers" "suppressMessages" "profile_task" 
:2562925:17543004:91241304:0:"apply" "Mcheck" "<Anonymous>" "eval" "eval" "withCallingHandlers" "suppressWarnings" "withCallingHandlers" "suppressMessages" "profile_task" 
:2562925:17543004:91241304:0:"apply" "Mcheck" "<Anonymous>" "eval" "eval" "withCallingHandlers" "suppressWarnings" "withCallingHandlers" "suppressMessages" "profile_task" 
:2562925:17543004:91241304:0:"apply" "Mcheck" "<Anonymous>" "eval" "eval" "withCallingHandlers" "suppressWarnings" "withCallingHandlers" "suppressMessages" "profile_task" 
:2562925:17543004:91241304:0:"apply" "Mcheck" "<Anonymous>" "eval" "eval" "withCallingHandlers" "suppressWarnings" "withCallingHandlers" "suppressMessages" "profile_task" 
:2562925:17543004:91241304:0:"apply" "Mcheck" "<Anonymous>" "eval" "eval" "withCallingHandlers" "suppressWarnings" "withCallingHandlers" "suppressMessages" "profile_task" 
:2573249:21845004:94420704:1720:"apply" "Mcheck" "<Anonymous>" "eval" "eval" "withCallingHandlers" "suppressWarnings" "withCallingHandlers" "suppressMessages" "profile_task" 
:2567558:12435504:92039024:1284:"Mcheck" "<Anonymous>" "eval" "eval" "withCallingHandlers" "suppressWarnings" "withCallingHandlers" "suppressMessages" "profile_task" 
:2591403:20813253:99534848:2501:"apply" "Mcheck" "<Anonymous>" "eval" "eval" "withCallingHandlers" "suppressWarnings" "withCallingHandlers" "suppressMessages" "profile_task" 
:2574641:15085372:93711296:1946:"ifelse" "FUN" "apply" "Mcheck" "<Anonymous>" "eval" "eval" "withCallingHandlers" "suppressWarnings" "withCallingHandlers" "suppressMessages" "profile_task" 
:2589582:22373137:98394072:1563:"aperm.default" "aperm" "apply" "Mcheck" "<Anonymous>" "eval" "eval" "withCallingHandlers" "suppressWarnings" "withCallingHandlers" "suppressMessages" "profile_task" 
:2576806:19303072:94129336:1823:"mean.default" "FUN" "apply" "Mcheck" "<Anonymous>" "eval" "eval" "withCallingHandlers" "suppressWarnings" "withCallingHandlers" "suppressMessages" "profile_task" 
:2585754:23087760:97097000:1376:"apply" "Mcheck" "<Anonymous>" "eval" "eval" "withCallingHandlers" "suppressWarnings" "withCallingHandlers" "suppressMessages" "profile_task" 
:2575404:18087351:93259712:1123:"FUN" "apply" "Mcheck" "<Anonymous>" "eval" "eval" "withCallingHandlers" "suppressWarnings" "withCallingHandlers" "suppressMessages" "profile_task" 
:2586196:21643205:96840184:1661:"which" "Mcheck" "<Anonymous>" "eval" "eval" "withCallingHandlers" "suppressWarnings" "withCallingHandlers" "suppressMessages" "profile_task" 
:2563706:13557473:91516264:135:"FUN" "apply" "Mcheck" "<Anonymous>" "eval" "eval" "withCallingHandlers" "suppressWarnings" "withCallingHandlers" "suppressMessages" "profile_task" 
:2575596:20351473:95321408:1699:"apply" "Mcheck" "<Anonymous>" "eval" "eval" "withCallingHandlers" "suppressWarnings" "withCallingHandlers" "suppressMessages" "profile_task" 
:2567114:13888948:91872032:1168:"gc" "structure" "new_bytes" "lobstr::mem_used" "eval" "eval" "eval.parent" ".doTrace" "Mcheck" "<Anonymous>" "eval" "eval" "withCallingHandlers" "suppressWarnings" "withCallingHandlers" "suppressMessages" "profile_task" 
:2567114:13888948:91872032:0:"gc" "structure" "new_bytes" "lobstr::mem_used" "eval" "eval" "eval.parent" ".doTrace" "Mcheck" "<Anonymous>" "eval" "eval" "withCallingHandlers" "suppressWarnings" "withCallingHandlers" "suppressMessages" "profile_task" 
:2567114:13888948:91872032:0:"gc" "structure" "new_bytes" "lobstr::mem_used" "eval" "eval" "eval.parent" ".doTrace" "Mcheck" "<Anonymous>" "eval" "eval" "withCallingHandlers" "suppressWarnings" "withCallingHandlers" "suppressMessages" "profile_task" 
:2567114:13888948:91872032:0:"gc" "structure" "new_bytes" "lobstr::mem_used" "eval" "eval" "eval.parent" ".doTrace" "Mcheck" "<Anonymous>" "eval" "eval" "withCallingHandlers" "suppressWarnings" "withCallingHandlers" "suppressMessages" "profile_task" 
:2567114:13888948:91872032:0:"gc" "structure" "new_bytes" "lobstr::mem_used" "eval" "eval" "eval.parent" ".doTrace" "Mcheck" "<Anonymous>" "eval" "eval" "withCallingHandlers" "suppressWarnings" "withCallingHandlers" "suppressMessages" "profile_task" 
:2563584:16038438:91386456:126:"colSums" "<Anonymous>" "eval" "eval" "withCallingHandlers" "suppressWarnings" "withCallingHandlers" "suppressMessages" "profile_task" 
:2563646:22043853:91399504:6:"matrix" "<Anonymous>" "eval" "eval" "withCallingHandlers" "suppressWarnings" "withCallingHandlers" "suppressMessages" "profile_task" 
:2563684:22058803:91408408:4:"gc" "structure" "new_bytes" "lobstr::mem_used" "eval" "eval" "eval.parent" ".doTrace" "Gmatrix_vanraden" "<Anonymous>" "eval" "eval" "withCallingHandlers" "suppressWarnings" "withCallingHandlers" "suppressMessages" "profile_task" 
:2563684:22058803:91408408:0:"gc" "structure" "new_bytes" "lobstr::mem_used" "eval" "eval" "eval.parent" ".doTrace" "Gmatrix_vanraden" "<Anonymous>" "eval" "eval" "withCallingHandlers" "suppressWarnings" "withCallingHandlers" "suppressMessages" "profile_task" 
:2563684:22058803:91408408:0:"gc" "structure" "new_bytes" "lobstr::mem_used" "eval" "eval" "eval.parent" ".doTrace" "Gmatrix_vanraden" "<Anonymous>" "eval" "eval" "withCallingHandlers" "suppressWarnings" "withCallingHandlers" "suppressMessages" "profile_task" 
:2563684:16049328:91408408:0:"gc" "structure" "new_bytes" "lobstr::mem_used" "eval" "eval" "eval.parent" ".doTrace" "Gmatrix_vanraden" "<Anonymous>" "eval" "eval" "withCallingHandlers" "suppressWarnings" "withCallingHandlers" "suppressMessages" "profile_task" 
:2562868:10045408:91231952:14:"Gmatrix_vanraden" "<Anonymous>" "eval" "eval" "withCallingHandlers" "suppressWarnings" "withCallingHandlers" "suppressMessages" "profile_task" 
:2562868:10045408:91231952:0:"Gmatrix_vanraden" "<Anonymous>" "eval" "eval" "withCallingHandlers" "suppressWarnings" "withCallingHandlers" "suppressMessages" "profile_task" 
:2562868:10045408:91231952:0:"Gmatrix_vanraden" "<Anonymous>" "eval" "eval" "withCallingHandlers" "suppressWarnings" "withCallingHandlers" "suppressMessages" "profile_task" 
:2562868:10045408:91231952:0:"Gmatrix_vanraden" "<Anonymous>" "eval" "eval" "withCallingHandlers" "suppressWarnings" "withCallingHandlers" "suppressMessages" "profile_task" 
:2562868:10045408:91231952:0:"Gmatrix_vanraden" "<Anonymous>" "eval" "eval" "withCallingHandlers" "suppressWarnings" "withCallingHandlers" "suppressMessages" "profile_task" 
:2562868:10045408:91231952:0:"Gmatrix_vanraden" "<Anonymous>" "eval" "eval" "withCallingHandlers" "suppressWarnings" "withCallingHandlers" "suppressMessages" "profile_task" 
:2562868:10045408:91231952:0:"Gmatrix_vanraden" "<Anonymous>" "eval" "eval" "withCallingHandlers" "suppressWarnings" "withCallingHandlers" "suppressMessages" "profile_task" 
:2562868:10045408:91231952:0:"Gmatrix_vanraden" "<Anonymous>" "eval" "eval" "withCallingHandlers" "suppressWarnings" "withCallingHandlers" "suppressMessages" "profile_task" 
:2562868:10045408:91231952:0:"Gmatrix_vanraden" "<Anonymous>" "eval" "eval" "withCallingHandlers" "suppressWarnings" "withCallingHandlers" "suppressMessages" "profile_task" 
:2562868:10045408:91231952:0:"Gmatrix_vanraden" "<Anonymous>" "eval" "eval" "withCallingHandlers" "suppressWarnings" "withCallingHandlers" "suppressMessages" "profile_task" 
:2562868:10045408:91231952:0:"Gmatrix_vanraden" "<Anonymous>" "eval" "eval" "withCallingHandlers" "suppressWarnings" "withCallingHandlers" "suppressMessages" "profile_task" 
:2562868:10045408:91231952:0:"Gmatrix_vanraden" "<Anonymous>" "eval" "eval" "withCallingHandlers" "suppressWarnings" "withCallingHandlers" "suppressMessages" "profile_task" 
:2562868:10045408:91231952:0:"Gmatrix_vanraden" "<Anonymous>" "eval" "eval" "withCallingHandlers" "suppressWarnings" "withCallingHandlers" "suppressMessages" "profile_task" 
:2562868:10045408:91231952:0:"Gmatrix_vanraden" "<Anonymous>" "eval" "eval" "withCallingHandlers" "suppressWarnings" "withCallingHandlers" "suppressMessages" "profile_task" 
:2562868:10045408:91231952:0:"Gmatrix_vanraden" "<Anonymous>" "eval" "eval" "withCallingHandlers" "suppressWarnings" "withCallingHandlers" "suppressMessages" "profile_task" 
:2562868:10045408:91231952:0:"Gmatrix_vanraden" "<Anonymous>" "eval" "eval" "withCallingHandlers" "suppressWarnings" "withCallingHandlers" "suppressMessages" "profile_task" 
:2562868:10045408:91231952:0:"Gmatrix_vanraden" "<Anonymous>" "eval" "eval" "withCallingHandlers" "suppressWarnings" "withCallingHandlers" "suppressMessages" "profile_task" 
:2562868:10045408:91231952:0:"Gmatrix_vanraden" "<Anonymous>" "eval" "eval" "withCallingHandlers" "suppressWarnings" "withCallingHandlers" "suppressMessages" "profile_task" 
:2562868:10045408:91231952:0:"Gmatrix_vanraden" "<Anonymous>" "eval" "eval" "withCallingHandlers" "suppressWarnings" "withCallingHandlers" "suppressMessages" "profile_task" 
:2562868:10045408:91231952:0:"Gmatrix_vanraden" "<Anonymous>" "eval" "eval" "withCallingHandlers" "suppressWarnings" "withCallingHandlers" "suppressMessages" "profile_task" 
:2562868:10045408:91231952:0:"Gmatrix_vanraden" "<Anonymous>" "eval" "eval" "withCallingHandlers" "suppressWarnings" "withCallingHandlers" "suppressMessages" "profile_task" 
:2562868:10045408:91231952:0:"Gmatrix_vanraden" "<Anonymous>" "eval" "eval" "withCallingHandlers" "suppressWarnings" "withCallingHandlers" "suppressMessages" "profile_task" 
:2562868:10045408:91231952:0:"Gmatrix_vanraden" "<Anonymous>" "eval" "eval" "withCallingHandlers" "suppressWarnings" "withCallingHandlers" "suppressMessages" "profile_task" 
:2562868:10045408:91231952:0:"Gmatrix_vanraden" "<Anonymous>" "eval" "eval" "withCallingHandlers" "suppressWarnings" "withCallingHandlers" "suppressMessages" "profile_task" 
:2562868:10045408:91231952:0:"Gmatrix_vanraden" "<Anonymous>" "eval" "eval" "withCallingHandlers" "suppressWarnings" "withCallingHandlers" "suppressMessages" "profile_task" 
:2562868:10045408:91231952:0:"Gmatrix_vanraden" "<Anonymous>" "eval" "eval" "withCallingHandlers" "suppressWarnings" "withCallingHandlers" "suppressMessages" "profile_task" 
:2562868:10045408:91231952:0:"Gmatrix_vanraden" "<Anonymous>" "eval" "eval" "withCallingHandlers" "suppressWarnings" "withCallingHandlers" "suppressMessages" "profile_task" 
:2562868:10045408:91231952:0:"Gmatrix_vanraden" "<Anonymous>" "eval" "eval" "withCallingHandlers" "suppressWarnings" "withCallingHandlers" "suppressMessages" "profile_task" 
:2562868:10045408:91231952:0:"Gmatrix_vanraden" "<Anonymous>" "eval" "eval" "withCallingHandlers" "suppressWarnings" "withCallingHandlers" "suppressMessages" "profile_task" 
:2562868:10045408:91231952:0:"Gmatrix_vanraden" "<Anonymous>" "eval" "eval" "withCallingHandlers" "suppressWarnings" "withCallingHandlers" "suppressMessages" "profile_task" 
:2562895:11045408:91238728:4:"gc" "structure" "new_bytes" "lobstr::mem_used" "eval" "eval" "eval.parent" ".doTrace" "Gmatrix_vanraden" "<Anonymous>" "eval" "eval" "withCallingHandlers" "suppressWarnings" "withCallingHandlers" "suppressMessages" "profile_task" 
:2562895:11045408:91238728:0:"gc" "structure" "new_bytes" "lobstr::mem_used" "eval" "eval" "eval.parent" ".doTrace" "Gmatrix_vanraden" "<Anonymous>" "eval" "eval" "withCallingHandlers" "suppressWarnings" "withCallingHandlers" "suppressMessages" "profile_task" 
:2562895:11045408:91238728:0:"gc" "structure" "new_bytes" "lobstr::mem_used" "eval" "eval" "eval.parent" ".doTrace" "Gmatrix_vanraden" "<Anonymous>" "eval" "eval" "withCallingHandlers" "suppressWarnings" "withCallingHandlers" "suppressMessages" "profile_task" 
:2562895:11045408:91238728:0:"gc" "structure" "new_bytes" "lobstr::mem_used" "eval" "eval" "eval.parent" ".doTrace" "Gmatrix_vanraden" "<Anonymous>" "eval" "eval" "withCallingHandlers" "suppressWarnings" "withCallingHandlers" "suppressMessages" "profile_task" 
:2562737:11043913:91222320:0:"gc" "structure" "new_bytes" "lobstr::mem_used" "eval" "eval" "eval.parent" ".doTrace" "Gmatrix_vanraden" "<Anonymous>" "eval" "eval" "withCallingHandlers" "suppressWarnings" "withCallingHandlers" "suppressMessages" "profile_task" 
